<?xml version="1.0" encoding="UTF-8"?>
<testsuite xmlns:xsi="http://www.w3.org/2001/XMLSchema-instance" xsi:noNamespaceSchemaLocation="https://maven.apache.org/surefire/maven-surefire-plugin/xsd/surefire-test-report-3.0.xsd" version="3.0" name="nl.amis.smeetsm.demoservice.DemoserviceApplicationTests" time="8.328" tests="1" errors="0" skipped="0" failures="0">
  <properties>
[...]
</properties>
  <testcase name="contextLoads" classname="nl.amis.smeetsm.demoservice.DemoserviceApplicationTests" time="1.192">
    <system-out><![CDATA[23:26:02.843 [main] DEBUG org.springframework.boot.test.context.SpringBootTestContextBootstrapper - Neither @ContextConfiguration nor @ContextHierarchy found for test class [DemoserviceApplicationTests]: using SpringBootContextLoader
23:26:02.857 [main] DEBUG org.springframework.test.context.support.AbstractContextLoader - Could not detect default resource locations for test class [nl.amis.smeetsm.demoservice.DemoserviceApplicationTests]: no resource found for suffixes {-context.xml, Context.groovy}.
23:26:02.860 [main] INFO org.springframework.test.context.support.AnnotationConfigContextLoaderUtils - Could not detect default configuration classes for test class [nl.amis.smeetsm.demoservice.DemoserviceApplicationTests]: DemoserviceApplicationTests does not declare any static, non-private, non-final, nested classes annotated with @Configuration.
23:26:02.962 [main] DEBUG org.springframework.boot.test.context.SpringBootTestContextBootstrapper - Using ContextCustomizers for test class [DemoserviceApplicationTests]: [ExcludeFilterContextCustomizer, DuplicateJsonObjectContextCustomizer, MockitoContextCustomizer, TestRestTemplateContextCustomizer, DisableObservabilityContextCustomizer, PropertyMappingContextCustomizer, Customizer]
23:26:03.310 [main] DEBUG org.springframework.context.annotation.ClassPathScanningCandidateComponentProvider - Identified candidate component class: file [C:\Users\PSI\Desktop\PracticaPipeline\DisenoArquitecturaSistemas\target\classes\nl\amis\smeetsm\demoservice\DemoserviceApplication.class]
23:26:03.315 [main] INFO org.springframework.boot.test.context.SpringBootTestContextBootstrapper - Found @SpringBootConfiguration nl.amis.smeetsm.demoservice.DemoserviceApplication for test class nl.amis.smeetsm.demoservice.DemoserviceApplicationTests
23:26:03.702 [main] DEBUG org.springframework.test.context.util.TestContextSpringFactoriesUtils - Skipping candidate TestExecutionListener [org.springframework.test.context.transaction.TransactionalTestExecutionListener] due to a missing dependency. Specify custom TestExecutionListener classes or make the default TestExecutionListener classes and their required dependencies available. Offending class: [org/springframework/transaction/interceptor/TransactionAttributeSource]
23:26:03.706 [main] DEBUG org.springframework.test.context.util.TestContextSpringFactoriesUtils - Skipping candidate TestExecutionListener [org.springframework.test.context.jdbc.SqlScriptsTestExecutionListener] due to a missing dependency. Specify custom TestExecutionListener classes or make the default TestExecutionListener classes and their required dependencies available. Offending class: [org/springframework/transaction/interceptor/TransactionAttribute]
23:26:03.710 [main] DEBUG org.springframework.boot.test.context.SpringBootTestContextBootstrapper - Using TestExecutionListeners for test class [DemoserviceApplicationTests]: [ServletTestExecutionListener, DirtiesContextBeforeModesTestExecutionListener, ApplicationEventsTestExecutionListener, MockitoTestExecutionListener, DependencyInjectionTestExecutionListener, DirtiesContextTestExecutionListener, EventPublishingTestExecutionListener, ResetMocksTestExecutionListener, RestDocsTestExecutionListener, MockRestServiceServerResetTestExecutionListener, MockMvcPrintOnlyOnFailureTestExecutionListener, WebDriverTestExecutionListener, MockWebServiceServerTestExecutionListener]
23:26:03.714 [main] DEBUG org.springframework.test.context.support.AbstractDirtiesContextTestExecutionListener - Before test class: class [DemoserviceApplicationTests], class annotated with @DirtiesContext [false] with mode [null]

  .   ____          _            __ _ _
 /\\ / ___'_ __ _ _(_)_ __  __ _ \ \ \ \
( ( )\___ | '_ | '_| | '_ \/ _` | \ \ \ \
 \\/  ___)| |_)| | | | | || (_| |  ) ) ) )
  '  |____| .__|_| |_|_| |_\__, | / / / /
 =========|_|==============|___/=/_/_/_/
 :: Spring Boot ::                (v3.0.0)

2023-07-08T23:26:04.574-05:00  INFO 9520 --- [           main] n.a.s.d.DemoserviceApplicationTests      : Starting DemoserviceApplicationTests using Java 19.0.1 with PID 9520 (started by PSI in C:\Users\PSI\Desktop\PracticaPipeline\DisenoArquitecturaSistemas)
2023-07-08T23:26:04.579-05:00  INFO 9520 --- [           main] n.a.s.d.DemoserviceApplicationTests      : No active profile set, falling back to 1 default profile: "default"
2023-07-08T23:26:08.980-05:00  INFO 9520 --- [           main] o.s.b.a.e.web.EndpointLinksResolver      : Exposing 1 endpoint(s) beneath base path '/actuator'
2023-07-08T23:26:09.123-05:00  INFO 9520 --- [           main] n.a.s.d.DemoserviceApplicationTests      : Started DemoserviceApplicationTests in 5.25 seconds (process running for 8.796)
]]></system-out>
  </testcase>
</testsuite>