<?xml version="1.0" encoding="UTF-8"?><testsuites failures="2" name="dependency-check" tests="26"><testsuite failures="0" errors="0" time="0" id="0" name="C:\Users\PSI\.m2\repository\org\hdrhistogram\HdrHistogram\2.1.12\HdrHistogram-2.1.12.jar" package="HdrHistogram-2.1.12.jar" skipped="0" tests="1" timestamp="2023-07-08T23:16:06.6025561"><testcase classname="dependency-check" name="HdrHistogram-2.1.12.jar"/></testsuite><testsuite failures="0" errors="0" time="0" id="1" name="C:\Users\PSI\.m2\repository\org\latencyutils\LatencyUtils\2.0.3\LatencyUtils-2.0.3.jar" package="LatencyUtils-2.0.3.jar" skipped="0" tests="1" timestamp="2023-07-08T23:16:06.6025561"><testcase classname="dependency-check" name="LatencyUtils-2.0.3.jar"/></testsuite><testsuite failures="0" errors="0" time="0" id="2" name="C:\Users\PSI\.m2\repository\org\antlr\antlr4-runtime\4.7.2\antlr4-runtime-4.7.2.jar" package="antlr4-runtime-4.7.2.jar" skipped="0" tests="1" timestamp="2023-07-08T23:16:06.6025561"><testcase classname="dependency-check" name="antlr4-runtime-4.7.2.jar"/></testsuite><testsuite failures="0" errors="0" time="0" id="3" name="C:\Users\PSI\.m2\repository\org\ow2\asm\asm\9.4\asm-9.4.jar" package="asm-9.4.jar" skipped="0" tests="1" timestamp="2023-07-08T23:16:06.6025561"><testcase classname="dependency-check" name="asm-9.4.jar"/></testsuite><testsuite failures="0" errors="0" time="0" id="4" name="C:\Users\PSI\.m2\repository\org\apache\commons\commons-lang3\3.12.0\commons-lang3-3.12.0.jar" package="commons-lang3-3.12.0.jar" skipped="0" tests="1" timestamp="2023-07-08T23:16:06.6025561"><testcase classname="dependency-check" name="commons-lang3-3.12.0.jar"/></testsuite><testsuite failures="0" errors="0" time="0" id="5" name="C:\Users\PSI\.m2\repository\com\google\code\gson\gson\2.10.1\gson-2.10.1.jar" package="gson-2.10.1.jar" skipped="0" tests="1" timestamp="2023-07-08T23:16:06.6025561"><testcase classname="dependency-check" name="gson-2.10.1.jar"/></testsuite><testsuite failures="0" errors="0" time="0" id="6" name="C:\Users\PSI\.m2\repository\com\fasterxml\jackson\core\jackson-core\2.15.2\jackson-core-2.15.2.jar" package="jackson-core-2.15.2.jar" skipped="0" tests="1" timestamp="2023-07-08T23:16:06.6025561"><testcase classname="dependency-check" name="jackson-core-2.15.2.jar"/></testsuite><testsuite failures="1" errors="0" time="0" id="7" name="C:\Users\PSI\.m2\repository\com\fasterxml\jackson\core\jackson-databind\2.15.2\jackson-databind-2.15.2.jar" package="jackson-databind-2.15.2.jar" skipped="0" tests="1" timestamp="2023-07-08T23:16:06.6025561"><testcase classname="CVE-2023-35116" name="pkg:maven/com.fasterxml.jackson.core/jackson-databind@2.15.2"><failure message="cvssV3: HIGH, score: 7.5 (CVSS:3.1/AV:N/AC:L/PR:N/UI:N/S:U/C:N/I:N/A:H)"/><system-out>** DISPUTED ** An issue was discovered jackson-databind thru 2.15.2 allows attackers to cause a denial of service or other unspecified impacts via crafted object that uses cyclic dependencies. NOTE: the vendor&apos;s perspective is that the product is not intended for use with untrusted input.</system-out><system-err>location: C:\Users\PSI\.m2\repository\com\fasterxml\jackson\core\jackson-databind\2.15.2\jackson-databind-2.15.2.jar, project-references: [ spring-boot-demo:compile ]</system-err></testcase></testsuite><testsuite failures="0" errors="0" time="0" id="8" name="C:\Users\PSI\.m2\repository\jakarta\annotation\jakarta.annotation-api\2.1.1\jakarta.annotation-api-2.1.1.jar" package="jakarta.annotation-api-2.1.1.jar" skipped="0" tests="1" timestamp="2023-07-08T23:16:06.6025561"><testcase classname="dependency-check" name="jakarta.annotation-api-2.1.1.jar"/></testsuite><testsuite failures="0" errors="0" time="0" id="9" name="C:\Users\PSI\.m2\repository\com\beust\jcommander\1.48\jcommander-1.48.jar" package="jcommander-1.48.jar" skipped="0" tests="1" timestamp="2023-07-08T23:16:06.6025561"><testcase classname="dependency-check" name="jcommander-1.48.jar"/></testsuite><testsuite failures="0" errors="0" time="0" id="10" name="C:\Users\PSI\.m2\repository\org\slf4j\jul-to-slf4j\2.0.7\jul-to-slf4j-2.0.7.jar" package="jul-to-slf4j-2.0.7.jar" skipped="0" tests="1" timestamp="2023-07-08T23:16:06.6025561"><testcase classname="dependency-check" name="jul-to-slf4j-2.0.7.jar"/></testsuite><testsuite failures="0" errors="0" time="0" id="11" name="C:\Users\PSI\.m2\repository\org\apache\logging\log4j\log4j-api\2.20.0\log4j-api-2.20.0.jar" package="log4j-api-2.20.0.jar" skipped="0" tests="1" timestamp="2023-07-08T23:16:06.6025561"><testcase classname="dependency-check" name="log4j-api-2.20.0.jar"/></testsuite><testsuite failures="0" errors="0" time="0" id="12" name="C:\Users\PSI\.m2\repository\org\apache\logging\log4j\log4j-to-slf4j\2.20.0\log4j-to-slf4j-2.20.0.jar" package="log4j-to-slf4j-2.20.0.jar" skipped="0" tests="1" timestamp="2023-07-08T23:16:06.6025561"><testcase classname="dependency-check" name="log4j-to-slf4j-2.20.0.jar"/></testsuite><testsuite failures="0" errors="0" time="0" id="13" name="C:\Users\PSI\.m2\repository\ch\qos\logback\logback-core\1.4.8\logback-core-1.4.8.jar" package="logback-core-1.4.8.jar" skipped="0" tests="1" timestamp="2023-07-08T23:16:06.6025561"><testcase classname="dependency-check" name="logback-core-1.4.8.jar"/></testsuite><testsuite failures="0" errors="0" time="0" id="14" name="C:\Users\PSI\.m2\repository\io\micrometer\micrometer-commons\1.11.1\micrometer-commons-1.11.1.jar" package="micrometer-commons-1.11.1.jar" skipped="0" tests="1" timestamp="2023-07-08T23:16:06.6025561"><testcase classname="dependency-check" name="micrometer-commons-1.11.1.jar"/></testsuite><testsuite failures="0" errors="0" time="0" id="15" name="C:\Users\PSI\.m2\repository\io\micrometer\micrometer-core\1.11.1\micrometer-core-1.11.1.jar" package="micrometer-core-1.11.1.jar" skipped="0" tests="1" timestamp="2023-07-08T23:16:06.6025561"><testcase classname="dependency-check" name="micrometer-core-1.11.1.jar"/></testsuite><testsuite failures="0" errors="0" time="0" id="16" name="C:\Users\PSI\.m2\repository\io\micrometer\micrometer-observation\1.11.1\micrometer-observation-1.11.1.jar" package="micrometer-observation-1.11.1.jar" skipped="0" tests="1" timestamp="2023-07-08T23:16:06.6025561"><testcase classname="dependency-check" name="micrometer-observation-1.11.1.jar"/></testsuite><testsuite failures="0" errors="0" time="0" id="17" name="C:\Users\PSI\.m2\repository\net\sourceforge\pmd\pmd-core\6.55.0\pmd-core-6.55.0.jar" package="pmd-core-6.55.0.jar" skipped="0" tests="1" timestamp="2023-07-08T23:16:06.6025561"><testcase classname="dependency-check" name="pmd-core-6.55.0.jar"/></testsuite><testsuite failures="0" errors="0" time="0" id="18" name="C:\Users\PSI\.m2\repository\net\sourceforge\saxon\saxon\9.1.0.8\saxon-9.1.0.8-dom.jar" package="saxon-9.1.0.8-dom.jar" skipped="0" tests="1" timestamp="2023-07-08T23:16:06.6025561"><testcase classname="dependency-check" name="saxon-9.1.0.8-dom.jar"/></testsuite><testsuite failures="0" errors="0" time="0" id="19" name="C:\Users\PSI\.m2\repository\net\sourceforge\saxon\saxon\9.1.0.8\saxon-9.1.0.8.jar" package="saxon-9.1.0.8.jar" skipped="0" tests="1" timestamp="2023-07-08T23:16:06.6025561"><testcase classname="dependency-check" name="saxon-9.1.0.8.jar"/></testsuite><testsuite failures="0" errors="0" time="0" id="20" name="C:\Users\PSI\.m2\repository\org\slf4j\slf4j-api\2.0.7\slf4j-api-2.0.7.jar" package="slf4j-api-2.0.7.jar" skipped="0" tests="1" timestamp="2023-07-08T23:16:06.6025561"><testcase classname="dependency-check" name="slf4j-api-2.0.7.jar"/></testsuite><testsuite failures="1" errors="0" time="0" id="21" name="C:\Users\PSI\.m2\repository\org\yaml\snakeyaml\1.33\snakeyaml-1.33.jar" package="snakeyaml-1.33.jar" skipped="0" tests="1" timestamp="2023-07-08T23:16:06.6025561"><testcase classname="CVE-2022-1471" name="pkg:maven/org.yaml/snakeyaml@1.33"><failure message="cvssV3: CRITICAL, score: 9.8 (CVSS:3.1/AV:N/AC:L/PR:N/UI:N/S:U/C:H/I:H/A:H)"/><system-out>SnakeYaml&apos;s Constructor() class does not restrict types which can be instantiated during deserialization. Deserializing yaml content provided by an attacker can lead to remote code execution. We recommend using SnakeYaml&apos;s SafeConsturctor when parsing untrusted content to restrict deserialization. We recommend upgrading to version 2.0 and beyond.
</system-out><system-err>location: C:\Users\PSI\.m2\repository\org\yaml\snakeyaml\1.33\snakeyaml-1.33.jar, project-references: [ spring-boot-demo:compile ]</system-err></testcase></testsuite><testsuite failures="0" errors="0" time="0" id="22" name="C:\Users\PSI\.m2\repository\org\springframework\boot\spring-boot\3.1.1\spring-boot-3.1.1.jar" package="spring-boot-3.1.1.jar" skipped="0" tests="1" timestamp="2023-07-08T23:16:06.6025561"><testcase classname="dependency-check" name="spring-boot-3.1.1.jar"/></testsuite><testsuite failures="0" errors="0" time="0" id="23" name="C:\Users\PSI\.m2\repository\org\springframework\boot\spring-boot-starter-web\3.1.1\spring-boot-starter-web-3.1.1.jar" package="spring-boot-starter-web-3.1.1.jar" skipped="0" tests="1" timestamp="2023-07-08T23:16:06.6025561"><testcase classname="dependency-check" name="spring-boot-starter-web-3.1.1.jar"/></testsuite><testsuite failures="0" errors="0" time="0" id="24" name="C:\Users\PSI\.m2\repository\org\springframework\spring-core\6.0.10\spring-core-6.0.10.jar" package="spring-core-6.0.10.jar" skipped="0" tests="1" timestamp="2023-07-08T23:16:06.6025561"><testcase classname="dependency-check" name="spring-core-6.0.10.jar"/></testsuite><testsuite failures="0" errors="0" time="0" id="25" name="C:\Users\PSI\.m2\repository\org\springframework\spring-web\6.0.10\spring-web-6.0.10.jar" package="spring-web-6.0.10.jar" skipped="0" tests="1" timestamp="2023-07-08T23:16:06.6025561"><testcase classname="dependency-check" name="spring-web-6.0.10.jar"/></testsuite><testsuite failures="0" errors="0" time="0" id="26" name="C:\Users\PSI\.m2\repository\org\apache\tomcat\embed\tomcat-embed-core\10.1.10\tomcat-embed-core-10.1.10.jar" package="tomcat-embed-core-10.1.10.jar" skipped="0" tests="1" timestamp="2023-07-08T23:16:06.6025561"><testcase classname="dependency-check" name="tomcat-embed-core-10.1.10.jar"/></testsuite><testsuite failures="0" errors="0" time="0" id="27" name="C:\Users\PSI\.m2\repository\org\apache\tomcat\embed\tomcat-embed-el\10.1.10\tomcat-embed-el-10.1.10.jar" package="tomcat-embed-el-10.1.10.jar" skipped="0" tests="1" timestamp="2023-07-08T23:16:06.6025561"><testcase classname="dependency-check" name="tomcat-embed-el-10.1.10.jar"/></testsuite></testsuites>